Arguments: 
  C:\Program Files\nodejs\node.exe C:\Program Files (x86)\Yarn\bin\yarn.js

PATH: 
  C:\WINDOWS\system32;C:\WINDOWS;C:\WINDOWS\System32\Wbem;C:\WINDOWS\System32\WindowsPowerShell\v1.0\;C:\WINDOWS\System32\OpenSSH\;C:\ProgramData\chocolatey\bin;C:\Program Files\OpenJDK\openjdk-11.0.15_10\bin;C:\Program Files (x86)\Yarn\bin\;C:\Program Files\Git\cmd;C:\Users\donskilful\AppData\Roaming\nvm;C:\Program Files\nodejs;C:\Users\donskilful\AppData\Local\Microsoft\WindowsApps;C:\Users\donskilful\AppData\Local\Programs\Microsoft VS Code\bin;C:\Users\donskilful\AppData\Roaming\npm;C:\Users\donskilful\AppData\Local\Yarn\bin;C:\Users\donskilful\AppData\Roaming\nvm;C:\Program Files\nodejs;C:\Users\donskilful\AppData\Local\Android\Sdk\platform-tools;

Yarn version: 
  1.22.19

Node version: 
  14.18.1

Platform: 
  win32 x64

Trace: 
  Error: getaddrinfo ENOTFOUND registry.yarnpkg.com
      at GetAddrInfoReqWrap.onlookup [as oncomplete] (dns.js:71:26)

npm manifest: 
  {
    "name": "imgcrud",
    "version": "1.0.0",
    "description": "",
    "main": "index.js",
    "scripts": {
      "server": "nodemon index"
    },
    "keywords": [],
    "author": "",
    "license": "ISC",
    "dependencies": {
      "cloudinary": "^1.23.0",
      "cors": "^2.8.5",
      "dotenv": "^8.2.0",
      "express": "^4.17.1",
      "mongoose": "^5.10.7",
      "multer": "^1.4.2",
      "react-router-dom": "^5.2.0"
    },
    "devDependencies": {
      "nodemon": "^2.0.4"
    }
  }

yarn manifest: 
  No manifest

Lockfile: 
  No lockfile
